e:\visual studio 2015\projects\leetcode-solution--cpp--version\debug\vc140.pdb
e:\visual studio 2015\projects\leetcode-solution--cpp--version\debug\vc140.idb
e:\visual studio 2015\projects\leetcode-solution--cpp--version\debug\copy_list_with_random_pointer_p138_sol1.obj
e:\visual studio 2015\projects\leetcode-solution--cpp--version\debug\create_maximum_number_p321_sol1.obj
e:\visual studio 2015\projects\leetcode-solution--cpp--version\debug\find_the_duplicate_number_p287_sol1.obj
e:\visual studio 2015\projects\leetcode-solution--cpp--version\debug\linkedlist.obj
e:\visual studio 2015\projects\leetcode-solution--cpp--version\debug\source.obj
e:\visual studio 2015\projects\leetcode-solution--cpp--version\debug\stdafx.obj
e:\visual studio 2015\projects\leetcode-solution--cpp--version\debug\learnc++.res
e:\visual studio 2015\projects\leetcode-solution--cpp--version\debug\learnc++.ilk
e:\visual studio 2015\projects\leetcode-solution--cpp--version\debug\learnc++.pdb
e:\visual studio 2015\projects\leetcode-solution--cpp--version\debug\leetcode.pdb
e:\visual studio 2015\projects\leetcode-solution--cpp--version\debug\leetcode.tlog\cl.command.1.tlog
e:\visual studio 2015\projects\leetcode-solution--cpp--version\debug\leetcode.tlog\cl.read.1.tlog
e:\visual studio 2015\projects\leetcode-solution--cpp--version\debug\leetcode.tlog\cl.write.1.tlog
e:\visual studio 2015\projects\leetcode-solution--cpp--version\debug\leetcode.tlog\link-cvtres.read.1.tlog
e:\visual studio 2015\projects\leetcode-solution--cpp--version\debug\leetcode.tlog\link-cvtres.write.1.tlog
e:\visual studio 2015\projects\leetcode-solution--cpp--version\debug\leetcode.tlog\link-rc.read.1.tlog
e:\visual studio 2015\projects\leetcode-solution--cpp--version\debug\leetcode.tlog\link-rc.write.1.tlog
e:\visual studio 2015\projects\leetcode-solution--cpp--version\debug\leetcode.tlog\link.command.1.tlog
e:\visual studio 2015\projects\leetcode-solution--cpp--version\debug\leetcode.tlog\link.read.1.tlog
e:\visual studio 2015\projects\leetcode-solution--cpp--version\debug\leetcode.tlog\link.write.1.tlog
e:\visual studio 2015\projects\leetcode-solution--cpp--version\debug\leetcode.tlog\rc.command.1.tlog
e:\visual studio 2015\projects\leetcode-solution--cpp--version\debug\leetcode.tlog\rc.read.1.tlog
e:\visual studio 2015\projects\leetcode-solution--cpp--version\debug\leetcode.tlog\rc.write.1.tlog
